Determining if the pthread_create exist failed with the following output:
Change Dir: /home/wangneng/catkin_ws_handRob/src/HsForceWithOnRobotRos/daq_ros_driver/tmp/daq/cmake-build-debug/CMakeFiles/CMakeTmp

Run Build Command(s):/usr/bin/make cmTC_8e57e/fast 
/usr/bin/make -f CMakeFiles/cmTC_8e57e.dir/build.make CMakeFiles/cmTC_8e57e.dir/build
make[1]: Entering directory '/home/wangneng/catkin_ws_handRob/src/HsForceWithOnRobotRos/daq_ros_driver/tmp/daq/cmake-build-debug/CMakeFiles/CMakeTmp'
Building C object CMakeFiles/cmTC_8e57e.dir/CheckSymbolExists.c.o
/usr/bin/cc    -o CMakeFiles/cmTC_8e57e.dir/CheckSymbolExists.c.o   -c /home/wangneng/catkin_ws_handRob/src/HsForceWithOnRobotRos/daq_ros_driver/tmp/daq/cmake-build-debug/CMakeFiles/CMakeTmp/CheckSymbolExists.c
Linking C executable cmTC_8e57e
/home/wangneng/software/clion-2019.1.4/bin/cmake/linux/bin/cmake -E cmake_link_script CMakeFiles/cmTC_8e57e.dir/link.txt --verbose=1
/usr/bin/cc      -rdynamic CMakeFiles/cmTC_8e57e.dir/CheckSymbolExists.c.o  -o cmTC_8e57e 
CMakeFiles/cmTC_8e57e.dir/CheckSymbolExists.c.o: In function `main':
CheckSymbolExists.c:(.text+0x16): undefined reference to `pthread_create'
collect2: error: ld returned 1 exit status
CMakeFiles/cmTC_8e57e.dir/build.make:86: recipe for target 'cmTC_8e57e' failed
make[1]: *** [cmTC_8e57e] Error 1
make[1]: Leaving directory '/home/wangneng/catkin_ws_handRob/src/HsForceWithOnRobotRos/daq_ros_driver/tmp/daq/cmake-build-debug/CMakeFiles/CMakeTmp'
Makefile:121: recipe for target 'cmTC_8e57e/fast' failed
make: *** [cmTC_8e57e/fast] Error 2

File /home/wangneng/catkin_ws_handRob/src/HsForceWithOnRobotRos/daq_ros_driver/tmp/daq/cmake-build-debug/CMakeFiles/CMakeTmp/CheckSymbolExists.c:
/* */
#include <pthread.h>

int main(int argc, char** argv)
{
  (void)argv;
#ifndef pthread_create
  return ((int*)(&pthread_create))[argc];
#else
  (void)argc;
  return 0;
#endif
}

Determining if the function pthread_create exists in the pthreads failed with the following output:
Change Dir: /home/wangneng/catkin_ws_handRob/src/HsForceWithOnRobotRos/daq_ros_driver/tmp/daq/cmake-build-debug/CMakeFiles/CMakeTmp

Run Build Command(s):/usr/bin/make cmTC_d0395/fast 
/usr/bin/make -f CMakeFiles/cmTC_d0395.dir/build.make CMakeFiles/cmTC_d0395.dir/build
make[1]: Entering directory '/home/wangneng/catkin_ws_handRob/src/HsForceWithOnRobotRos/daq_ros_driver/tmp/daq/cmake-build-debug/CMakeFiles/CMakeTmp'
Building C object CMakeFiles/cmTC_d0395.dir/CheckFunctionExists.c.o
/usr/bin/cc   -DCHECK_FUNCTION_EXISTS=pthread_create   -o CMakeFiles/cmTC_d0395.dir/CheckFunctionExists.c.o   -c /home/wangneng/software/clion-2019.1.4/bin/cmake/linux/share/cmake-3.14/Modules/CheckFunctionExists.c
Linking C executable cmTC_d0395
/home/wangneng/software/clion-2019.1.4/bin/cmake/linux/bin/cmake -E cmake_link_script CMakeFiles/cmTC_d0395.dir/link.txt --verbose=1
/usr/bin/cc  -DCHECK_FUNCTION_EXISTS=pthread_create    -rdynamic CMakeFiles/cmTC_d0395.dir/CheckFunctionExists.c.o  -o cmTC_d0395 -lpthreads 
/usr/bin/ld: cannot find -lpthreads
collect2: error: ld returned 1 exit status
CMakeFiles/cmTC_d0395.dir/build.make:86: recipe for target 'cmTC_d0395' failed
make[1]: *** [cmTC_d0395] Error 1
make[1]: Leaving directory '/home/wangneng/catkin_ws_handRob/src/HsForceWithOnRobotRos/daq_ros_driver/tmp/daq/cmake-build-debug/CMakeFiles/CMakeTmp'
Makefile:121: recipe for target 'cmTC_d0395/fast' failed
make: *** [cmTC_d0395/fast] Error 2


